mktexpk --mfmode / --bdpi 600 --mag 1+57/600 --dpi 657 unihei68
mktexpk --mfmode / --bdpi 600 --mag 1+57/600 --dpi 657 cyberb68
mktexpk --mfmode / --bdpi 600 --mag 1+57/600 --dpi 657 cyberb68
mktexpk --mfmode / --bdpi 600 --mag 1+57/600 --dpi 657 cyberb68
mktexpk --mfmode / --bdpi 600 --mag 1+57/600 --dpi 657 cyberb68
mktexpk --mfmode / --bdpi 600 --mag 1+57/600 --dpi 657 cyberb68
mktexpk --mfmode / --bdpi 600 --mag 1+57/600 --dpi 657 cyberb68
mktexpk --mfmode / --bdpi 600 --mag 1+57/600 --dpi 657 cyberb68
mktexpk --mfmode / --bdpi 600 --mag 1+57/600 --dpi 657 unihei68
mktexpk --mfmode / --bdpi 600 --mag 1+32/600 --dpi 632 cyberb68
mktexpk --mfmode / --bdpi 600 --mag 1+32/600 --dpi 632 cyberb68
mktexpk --mfmode / --bdpi 600 --mag 1+32/600 --dpi 632 gbk10
mktexpk --mfmode / --bdpi 600 --mag 1+32/600 --dpi 632 gbk10
mktexpk --mfmode / --bdpi 600 --mag 1+32/600 --dpi 632 gbk10
mktextfm SimSun/OT
mktextfm SimSun/OT
mktextfm SimSun/OT
mktextfm SimSun/BI/OT
mktextfm SimSun/OT
mktextfm SimSun/B/OT
mktextfm SimSun/OT
mktextfm SimSun/I/OT
mktextfm SimSun/OT
mktextfm SimSun/OT
mktextfm SimSun/OT
mktextfm SimSun/OT
mktextfm SimSun/OT
mktextfm SimSun/OT
mktextfm SimSun/BI/OT
mktextfm SimSun/OT
mktextfm SimSun/B/OT
mktextfm SimSun/OT
mktextfm SimSun/I/OT
mktextfm SimSun/OT
mktextfm SimSun/OT
mktextfm SimSun/OT
mktextfm SimSun/OT
mktextfm SimSun/OT
mktextfm SimSun/OT
mktextfm SimSun/BI/OT
mktextfm SimSun/OT
mktextfm SimSun/B/OT
mktextfm SimSun/OT
mktextfm SimSun/I/OT
mktextfm SimSun/OT
mktextfm SimSun/OT
mktextfm SimSun/OT
mktextfm songti/OT
mktextfm songti/OT
mktextfm songti/OT
mktextfm songti/BI/OT
mktextfm songti/OT
mktextfm songti/B/OT
mktextfm songti/OT
mktextfm songti/I/OT
mktextfm songti/OT
mktextfm songti/OT
mktextfm songti/OT
mktextfm SimSun/OT
mktextfm SimSun/OT
mktextfm SimSun/OT
mktextfm SimSun/BI/OT
mktextfm SimSun/OT
mktextfm SimSun/B/OT
mktextfm SimSun/OT
mktextfm SimSun/I/OT
mktextfm SimSun/OT
mktextfm SimSun/OT
mktextfm SimSun/OT
mktextfm SimSun/OT
mktextfm SimSun/OT
mktextfm SimSun/OT
mktextfm SimSun/BI/OT
mktextfm SimSun/OT
mktextfm SimSun/B/OT
mktextfm SimSun/OT
mktextfm SimSun/I/OT
mktextfm SimSun/OT
mktextfm SimSun/OT
mktextfm SimSun/OT
mktexpk --mfmode / --bdpi 600 --mag 1+32/600 --dpi 632 gbk14
mktexpk --mfmode / --bdpi 600 --mag 1+32/600 --dpi 632 gbk14
mktexpk --mfmode / --bdpi 600 --mag 1+32/600 --dpi 632 gbk14
mktexpk --mfmode / --bdpi 600 --mag 1+32/600 --dpi 632 gbk14
mktexpk --mfmode / --bdpi 600 --mag 1+32/600 --dpi 632 gbk36
mktexpk --mfmode / --bdpi 600 --mag 1+32/600 --dpi 632 gbk36
mktexpk --mfmode / --bdpi 600 --mag 1+32/600 --dpi 632 gbk14
mktexpk --mfmode / --bdpi 600 --mag 1+32/600 --dpi 632 gbk14
mktexpk --mfmode / --bdpi 600 --mag 1+32/600 --dpi 632 cyberb68
mktexpk --mfmode / --bdpi 600 --mag 1+32/600 --dpi 632 cyberb68
mktexpk --mfmode / --bdpi 600 --mag 1+264/600 --dpi 864 cyberb52
mktexpk --mfmode / --bdpi 600 --mag 1+264/600 --dpi 864 cyberb52
mktexpk --mfmode / --bdpi 600 --mag 1+57/600 --dpi 657 cyberb8b
mktexpk --mfmode / --bdpi 600 --mag 1+57/600 --dpi 657 cyberb8b
mktextfm song/OT
mktextfm song/OT
mktextfm song/OT
mktextfm song/BI/OT
mktextfm song/OT
mktextfm song/B/OT
mktextfm song/OT
mktextfm song/I/OT
mktextfm song/OT
mktextfm song/OT
mktextfm song/OT
mktextfm song/OT
mktextfm Simhei/OT
mktextfm Simhei/OT
mktextfm Simhei/OT
mktextfm Simhei/BI/OT
mktextfm Simhei/OT
mktextfm Simhei/B/OT
mktextfm Simhei/OT
mktextfm Simhei/I/OT
mktextfm Simhei/OT
mktextfm Simhei/OT
mktextfm Simhei/OT
mktextfm Simhei/OT
mktextfm NotoSansCJK/OT
mktextfm NotoSansCJK/OT
mktextfm NotoSansCJK/OT
mktextfm NotoSansCJK/BI/OT
mktextfm NotoSansCJK/OT
mktextfm NotoSansCJK/B/OT
mktextfm NotoSansCJK/OT
mktextfm NotoSansCJK/I/OT
mktextfm NotoSansCJK/OT
mktextfm NotoSansCJK/OT
mktextfm NotoSansCJK/OT
mktextfm NotoSansCJK/OT
mktextfm NotoSansCJK/OT
mktextfm NotoSansCJK/OT
mktextfm NotoSansCJK/OT
mktextfm NotoSansCJK/BI/OT
mktextfm NotoSansCJK/OT
mktextfm NotoSansCJK/B/OT
mktextfm NotoSansCJK/OT
mktextfm NotoSansCJK/I/OT
mktextfm NotoSansCJK/OT
mktextfm NotoSansCJK/OT
mktextfm NotoSansCJK/OT
mktextfm NotoSansCJK/OT
